<?xml version="1.0" encoding="UTF-8"?>
<coverage generated="1683546373697" clover="3.2.0">
  <project timestamp="1683546373698" name="All files">
    <metrics statements="5" coveredstatements="5" conditionals="4" coveredconditionals="4" methods="2" coveredmethods="2" elements="11" coveredelements="11" complexity="0" loc="5" ncloc="5" packages="1" files="1" classes="1"/>
    <file name="classNames.ts" path="C:\Users\mrmaq\OneDrive\Рабочий стол\production-react\src\shared\lib\classNames\classNames.ts">
      <metrics statements="5" coveredstatements="5" conditionals="4" coveredconditionals="4" methods="2" coveredmethods="2"/>
      <line num="3" count="5" type="cond" truecount="2" falsecount="0"/>
      <line num="7" count="6" type="stmt"/>
      <line num="8" count="6" type="cond" truecount="2" falsecount="0"/>
      <line num="9" count="4" type="stmt"/>
      <line num="11" count="6" type="stmt"/>
    </file>
  </project>
</coverage>
