{"C:\\Users\\mrmaq\\OneDrive\\Рабочий стол\\production-react\\src\\shared\\lib\\classNames\\classNames.ts": {"path":"C:\\Users\\mrmaq\\OneDrive\\Рабочий стол\\production-react\\src\\shared\\lib\\classNames\\classNames.ts","statementMap":{"0":{"start":{"line":3,"column":26},"end":{"line":13,"column":11}},"1":{"start":{"line":3,"column":95},"end":{"line":13,"column":11}},"2":{"start":{"line":7,"column":23},"end":{"line":7,"column":31}},"3":{"start":{"line":8,"column":8},"end":{"line":10,"column":9}},"4":{"start":{"line":9,"column":12},"end":{"line":9,"column":29}},"5":{"start":{"line":11,"column":8},"end":{"line":11,"column":22}}},"fnMap":{"0":{"name":"(anonymous_0)","decl":{"start":{"line":3,"column":26},"end":{"line":3,"column":27}},"loc":{"start":{"line":3,"column":95},"end":{"line":13,"column":11}},"line":3},"1":{"name":"(anonymous_1)","decl":{"start":{"line":6,"column":35},"end":{"line":6,"column":36}},"loc":{"start":{"line":6,"column":58},"end":{"line":12,"column":5}},"line":6}},"branchMap":{"0":{"loc":{"start":{"line":3,"column":40},"end":{"line":3,"column":55}},"type":"default-arg","locations":[{"start":{"line":3,"column":53},"end":{"line":3,"column":55}}],"line":3},"1":{"loc":{"start":{"line":3,"column":57},"end":{"line":3,"column":82}},"type":"default-arg","locations":[{"start":{"line":3,"column":80},"end":{"line":3,"column":82}}],"line":3},"2":{"loc":{"start":{"line":8,"column":8},"end":{"line":10,"column":9}},"type":"if","locations":[{"start":{"line":8,"column":8},"end":{"line":10,"column":9}},{"start":{},"end":{}}],"line":8}},"s":{"0":1,"1":5,"2":6,"3":6,"4":4,"5":6},"f":{"0":5,"1":6},"b":{"0":[1],"1":[1],"2":[4,2]},"_coverageSchema":"1a1c01bbd47fc00a2c39e90264f33305004495a9","hash":"ae0ec9a009e779cf67f9467f040f7bf07044adde"}
}
